build/app/intermediates/manifest_merge_blame_file/release/manifest-merger-blame-release-report.txt
1<?xml version="1.0" encoding="utf-8"?>
2<manifest xmlns:android="http://schemas.android.com/apk/res/android"
3    package="com.zee.news_app"
4    android:versionCode="1"
5    android:versionName="1.0.0" >
6
7    <uses-sdk
8        android:minSdkVersion="19"
8-->src/main/AndroidManifest.xml
9        android:targetSdkVersion="30" />
9-->src/main/AndroidManifest.xml
10
11    <uses-permission android:name="android.permission.INTERNET" />
11-->src/main/AndroidManifest.xml:3:5-67
11-->src/main/AndroidManifest.xml:3:22-64
12    <uses-permission android:name="android.permission.ACCESS_NETWORK_STATE" />
12-->[com.google.android.exoplayer:exoplayer-core:2.17.0] AndroidManifest.xml:24:5-79
12-->[com.google.android.exoplayer:exoplayer-core:2.17.0] AndroidManifest.xml:24:22-76
13    <!--
14 io.flutter.app.FlutterApplication is an android.app.Application that
15         calls FlutterMain.startInitialization(this); in its onCreate method.
16         In most cases you can leave this as-is, but you if you want to provide
17         additional functionality it is fine to subclass or reimplement
18         FlutterApplication and put your custom class here.
19    -->
20    <application
20-->src/main/AndroidManifest.xml:9:5-29:19
21        android:appComponentFactory="androidx.core.app.CoreComponentFactory"
21-->[androidx.core:core:1.7.0] AndroidManifest.xml:24:18-86
22        android:icon="@mipmap/ic_launcher"
22-->src/main/AndroidManifest.xml:11:9-43
23        android:label="Zee News Demo" >
23-->src/main/AndroidManifest.xml:10:9-38
24        <activity
24-->src/main/AndroidManifest.xml:12:9-23:20
25            android:name="com.zee.news_app.MainActivity"
25-->src/main/AndroidManifest.xml:13:13-57
26            android:configChanges="orientation|keyboardHidden|keyboard|screenSize|smallestScreenSize|locale|layoutDirection|fontScale|screenLayout|density|uiMode"
26-->src/main/AndroidManifest.xml:16:13-163
27            android:hardwareAccelerated="true"
27-->src/main/AndroidManifest.xml:17:13-47
28            android:launchMode="singleTop"
28-->src/main/AndroidManifest.xml:14:13-43
29            android:theme="@style/LaunchTheme"
29-->src/main/AndroidManifest.xml:15:13-47
30            android:windowSoftInputMode="adjustResize" >
30-->src/main/AndroidManifest.xml:18:13-55
31            <intent-filter>
31-->src/main/AndroidManifest.xml:19:13-22:29
32                <action android:name="android.intent.action.MAIN" />
32-->src/main/AndroidManifest.xml:20:17-68
32-->src/main/AndroidManifest.xml:20:25-66
33
34                <category android:name="android.intent.category.LAUNCHER" />
34-->src/main/AndroidManifest.xml:21:17-76
34-->src/main/AndroidManifest.xml:21:27-74
35            </intent-filter>
36        </activity>
37        <!--
38             Don't delete the meta-data below.
39             This is used by the Flutter tool to generate GeneratedPluginRegistrant.java
40        -->
41        <meta-data
41-->src/main/AndroidManifest.xml:26:9-28:33
42            android:name="flutterEmbedding"
42-->src/main/AndroidManifest.xml:27:13-44
43            android:value="2" />
43-->src/main/AndroidManifest.xml:28:13-30
44
45        <uses-library
45-->[androidx.window:window:1.0.0-beta04] AndroidManifest.xml:25:9-27:40
46            android:name="androidx.window.extensions"
46-->[androidx.window:window:1.0.0-beta04] AndroidManifest.xml:26:13-54
47            android:required="false" />
47-->[androidx.window:window:1.0.0-beta04] AndroidManifest.xml:27:13-37
48        <uses-library
48-->[androidx.window:window:1.0.0-beta04] AndroidManifest.xml:28:9-30:40
49            android:name="androidx.window.sidecar"
49-->[androidx.window:window:1.0.0-beta04] AndroidManifest.xml:29:13-51
50            android:required="false" />
50-->[androidx.window:window:1.0.0-beta04] AndroidManifest.xml:30:13-37
51    </application>
52
53</manifest>